Using pre-set license
Built from '2020.3/staging' branch; Version is '2020.3.0f1 (c7b5465681fb) revision 13088070'; Using compiler version '192528614'; Build Type 'Release'
OS: 'Windows 10 Home; OS build 19042.928; Version 2009; 64bit' Language: 'tr' Physical Memory: 8057 MB
BatchMode: 1, IsHumanControllingUs: 0, StartBugReporterOnCrash: 0, Is64bit: 1, IsPro: 0

 COMMAND LINE ARGUMENTS:
D:\unity\unity\2020.3.0f1\Editor\Unity.exe
-adb2
-batchMode
-noUpm
-name
AssetImportWorker0
-projectPath
D:/RacketGame/RacketGame2D
-logFile
Logs/AssetImportWorker0.log
-srvPort
51445
Successfully changed project path to: D:/RacketGame/RacketGame2D
D:/RacketGame/RacketGame2D
Using Asset Import Pipeline V2.
Refreshing native plugins compatible for Editor in 40.09 ms, found 1 plugins.
Preloading 0 native plugins for Editor in 0.00 ms.
Initialize engine version: 2020.3.0f1 (c7b5465681fb)
[Subsystems] Discovering subsystems at path D:/unity/unity/2020.3.0f1/Editor/Data/Resources/UnitySubsystems
[Subsystems] Discovering subsystems at path D:/RacketGame/RacketGame2D/Assets
GfxDevice: creating device client; threaded=0
Direct3D:
    Version:  Direct3D 11.0 [level 11.1]
    Renderer: NVIDIA GeForce GTX 1050 Ti (ID=0x1c8c)
    Vendor:   
    VRAM:     4021 MB
    Driver:   27.21.14.5167
Initialize mono
Mono path[0] = 'D:/unity/unity/2020.3.0f1/Editor/Data/Managed'
Mono path[1] = 'D:/unity/unity/2020.3.0f1/Editor/Data/MonoBleedingEdge/lib/mono/unityjit'
Mono config path = 'D:/unity/unity/2020.3.0f1/Editor/Data/MonoBleedingEdge/etc'
Using monoOptions --debugger-agent=transport=dt_socket,embedding=1,server=y,suspend=n,address=127.0.0.1:56848
Begin MonoManager ReloadAssembly
Registering precompiled unity dll's ...
Register platform support module: D:/unity/unity/2020.3.0f1/Editor/Data/PlaybackEngines/WebGLSupport/UnityEditor.WebGL.Extensions.dll
Register platform support module: D:/unity/unity/2020.3.0f1/Editor/Data/PlaybackEngines/WindowsStandaloneSupport/UnityEditor.WindowsStandalone.Extensions.dll
Registered in 0.003112 seconds.
Native extension for WindowsStandalone target not found
Native extension for WebGL target not found
Refreshing native plugins compatible for Editor in 34.06 ms, found 1 plugins.
Preloading 0 native plugins for Editor in 0.00 ms.
Invoked RoslynAnalysisRunner static constructor.
RoslynAnalysisRunner will not be running.
RoslynAnalysisRunner has terminated.
Mono: successfully reloaded assembly
- Completed reload, in  1.560 seconds
Platform modules already initialized, skipping
Registering precompiled user dll's ...
Registered in 0.000892 seconds.
Begin MonoManager ReloadAssembly
Native extension for WindowsStandalone target not found
Native extension for WebGL target not found
Refreshing native plugins compatible for Editor in 34.53 ms, found 1 plugins.
Preloading 0 native plugins for Editor in 0.00 ms.
Invoked RoslynAnalysisRunner static constructor.
RoslynAnalysisRunner will not be running.
RoslynAnalysisRunner has terminated.
Mono: successfully reloaded assembly
- Completed reload, in  0.938 seconds
Platform modules already initialized, skipping
========================================================================
Worker process is ready to serve import requests
Launched and connected shader compiler UnityShaderCompiler.exe after 0.06 seconds
Refreshing native plugins compatible for Editor in 0.32 ms, found 1 plugins.
Preloading 0 native plugins for Editor in 0.00 ms.
Unloading 1806 Unused Serialized files (Serialized files now loaded: 0)
System memory in use before: 84.5 MB.
System memory in use after: 84.5 MB.

Unloading 24 unused Assets to reduce memory usage. Loaded Objects now: 2248.
Total: 2.836600 ms (FindLiveObjects: 0.385200 ms CreateObjectMapping: 0.223300 ms MarkObjects: 2.042200 ms  DeleteObjects: 0.184800 ms)

========================================================================
Received Import Request.
  path: Assets
  artifactKey: Guid(00000000000000001000000000000000) Importer(815301076,1909f56bfc062723c751e8b465ee728b)
Start importing Assets using Guid(00000000000000001000000000000000) Importer(815301076,1909f56bfc062723c751e8b465ee728b)  -> (artifact id: '42baae205c97e3337697759514652acd') in 0.004544 seconds
  Import took 0.007301 seconds .

========================================================================
Received Import Request.
  Time since last request: 6.990855 seconds.
  path: Assets/Circle.png
  artifactKey: Guid(ccac278f495d16e45a1c8a7fbfd05fa8) Importer(815301076,1909f56bfc062723c751e8b465ee728b)
Start importing Assets/Circle.png using Guid(ccac278f495d16e45a1c8a7fbfd05fa8) Importer(815301076,1909f56bfc062723c751e8b465ee728b)  -> (artifact id: 'd95d57366a9c900ae89aa116cf7270f0') in 0.122267 seconds
  Import took 0.125641 seconds .

========================================================================
Received Import Request.
  Time since last request: 12.394168 seconds.
  path: Assets/wall.png
  artifactKey: Guid(aa4e1ec240e15ec4cb963931811d3fee) Importer(815301076,1909f56bfc062723c751e8b465ee728b)
Start importing Assets/wall.png using Guid(aa4e1ec240e15ec4cb963931811d3fee) Importer(815301076,1909f56bfc062723c751e8b465ee728b)  -> (artifact id: '7b3dd2b524c185857cb6916c4ad4667e') in 0.014256 seconds
  Import took 0.018117 seconds .

========================================================================
Received Import Request.
  Time since last request: 142.591484 seconds.
  path: Assets/top.png
  artifactKey: Guid(611725b4d95dbde4f9ba49b082eb3c73) Importer(815301076,1909f56bfc062723c751e8b465ee728b)
Start importing Assets/top.png using Guid(611725b4d95dbde4f9ba49b082eb3c73) Importer(815301076,1909f56bfc062723c751e8b465ee728b)  -> (artifact id: '7d7b05ec51e170981bfd5b684a5a702e') in 0.016511 seconds
  Import took 0.021092 seconds .

========================================================================
Received Prepare
Registering precompiled user dll's ...
Registered in 0.001681 seconds.
Begin MonoManager ReloadAssembly
Native extension for WindowsStandalone target not found
Native extension for WebGL target not found
Refreshing native plugins compatible for Editor in 0.32 ms, found 1 plugins.
Preloading 0 native plugins for Editor in 0.00 ms.
Invoked RoslynAnalysisRunner static constructor.
RoslynAnalysisRunner will not be running.
RoslynAnalysisRunner has terminated.
Mono: successfully reloaded assembly
- Completed reload, in  0.884 seconds
Platform modules already initialized, skipping
Refreshing native plugins compatible for Editor in 0.39 ms, found 1 plugins.
Preloading 0 native plugins for Editor in 0.00 ms.
Unloading 1802 Unused Serialized files (Serialized files now loaded: 0)
System memory in use before: 87.6 MB.
System memory in use after: 87.6 MB.

Unloading 12 unused Assets to reduce memory usage. Loaded Objects now: 2259.
Total: 2.297500 ms (FindLiveObjects: 0.296900 ms CreateObjectMapping: 0.071700 ms MarkObjects: 1.722900 ms  DeleteObjects: 0.205000 ms)

========================================================================
Received Import Request.
  Time since last request: 172.539972 seconds.
  path: Assets/pink.mat
  artifactKey: Guid(424c77df733c13d46aa886be56286e01) Importer(815301076,1909f56bfc062723c751e8b465ee728b)
Start importing Assets/pink.mat using Guid(424c77df733c13d46aa886be56286e01) Importer(815301076,1909f56bfc062723c751e8b465ee728b)  -> (artifact id: '6c1b62a1d3fb8536f74fd15f0ebeb3ce') in 0.084049 seconds
  Import took 0.087873 seconds .

========================================================================
Received Import Request.
  Time since last request: 25.389743 seconds.
  path: Assets/Ball.cs
  artifactKey: Guid(f4e07e9ac5fc0454a8c2dbf431c2c02e) Importer(815301076,1909f56bfc062723c751e8b465ee728b)
Start importing Assets/Ball.cs using Guid(f4e07e9ac5fc0454a8c2dbf431c2c02e) Importer(815301076,1909f56bfc062723c751e8b465ee728b)  -> (artifact id: '3a0c5a440a7a533878d8cd01ea202c5f') in 0.005422 seconds
  Import took 0.008565 seconds .

========================================================================
Received Import Request.
  Time since last request: 0.002757 seconds.
  path: Assets/Ball.cs
  artifactKey: Guid(f4e07e9ac5fc0454a8c2dbf431c2c02e) Importer(815301076,1909f56bfc062723c751e8b465ee728b)
Start importing Assets/Ball.cs using Guid(f4e07e9ac5fc0454a8c2dbf431c2c02e) Importer(815301076,1909f56bfc062723c751e8b465ee728b)  -> (artifact id: '3a0c5a440a7a533878d8cd01ea202c5f') in 0.003394 seconds
  Import took 0.007237 seconds .

========================================================================
Received Prepare
Registering precompiled user dll's ...
Registered in 0.000975 seconds.
Begin MonoManager ReloadAssembly
Native extension for WindowsStandalone target not found
Native extension for WebGL target not found
Refreshing native plugins compatible for Editor in 0.38 ms, found 1 plugins.
Preloading 0 native plugins for Editor in 0.00 ms.
Invoked RoslynAnalysisRunner static constructor.
RoslynAnalysisRunner will not be running.
RoslynAnalysisRunner has terminated.
Mono: successfully reloaded assembly
- Completed reload, in  0.976 seconds
Platform modules already initialized, skipping
Refreshing native plugins compatible for Editor in 0.64 ms, found 1 plugins.
Preloading 0 native plugins for Editor in 0.00 ms.
Unloading 1802 Unused Serialized files (Serialized files now loaded: 0)
System memory in use before: 87.9 MB.
System memory in use after: 87.9 MB.

Unloading 12 unused Assets to reduce memory usage. Loaded Objects now: 2300.
Total: 2.468000 ms (FindLiveObjects: 0.285700 ms CreateObjectMapping: 0.068200 ms MarkObjects: 1.965200 ms  DeleteObjects: 0.147600 ms)

========================================================================
Received Prepare
Registering precompiled user dll's ...
Registered in 0.001106 seconds.
Begin MonoManager ReloadAssembly
Native extension for WindowsStandalone target not found
Native extension for WebGL target not found
Refreshing native plugins compatible for Editor in 0.41 ms, found 1 plugins.
Preloading 0 native plugins for Editor in 0.00 ms.
Invoked RoslynAnalysisRunner static constructor.
RoslynAnalysisRunner will not be running.
RoslynAnalysisRunner has terminated.
Mono: successfully reloaded assembly
- Completed reload, in  0.912 seconds
Platform modules already initialized, skipping
Refreshing native plugins compatible for Editor in 0.42 ms, found 1 plugins.
Preloading 0 native plugins for Editor in 0.00 ms.
Unloading 1802 Unused Serialized files (Serialized files now loaded: 0)
System memory in use before: 87.9 MB.
System memory in use after: 87.9 MB.

Unloading 12 unused Assets to reduce memory usage. Loaded Objects now: 2304.
Total: 2.914500 ms (FindLiveObjects: 0.437800 ms CreateObjectMapping: 0.162200 ms MarkObjects: 2.062400 ms  DeleteObjects: 0.250900 ms)

========================================================================
Received Prepare
Registering precompiled user dll's ...
Registered in 0.000997 seconds.
Begin MonoManager ReloadAssembly
Native extension for WindowsStandalone target not found
Native extension for WebGL target not found
Refreshing native plugins compatible for Editor in 0.39 ms, found 1 plugins.
Preloading 0 native plugins for Editor in 0.00 ms.
Invoked RoslynAnalysisRunner static constructor.
RoslynAnalysisRunner will not be running.
RoslynAnalysisRunner has terminated.
Mono: successfully reloaded assembly
- Completed reload, in  0.935 seconds
Platform modules already initialized, skipping
Refreshing native plugins compatible for Editor in 0.35 ms, found 1 plugins.
Preloading 0 native plugins for Editor in 0.00 ms.
Unloading 1802 Unused Serialized files (Serialized files now loaded: 0)
System memory in use before: 88.0 MB.
System memory in use after: 87.9 MB.

Unloading 12 unused Assets to reduce memory usage. Loaded Objects now: 2308.
Total: 2.263000 ms (FindLiveObjects: 0.195600 ms CreateObjectMapping: 0.073800 ms MarkObjects: 1.870300 ms  DeleteObjects: 0.122000 ms)

========================================================================
Received Prepare
Registering precompiled user dll's ...
Registered in 0.000972 seconds.
Begin MonoManager ReloadAssembly
Native extension for WindowsStandalone target not found
Native extension for WebGL target not found
Refreshing native plugins compatible for Editor in 0.49 ms, found 1 plugins.
Preloading 0 native plugins for Editor in 0.00 ms.
Invoked RoslynAnalysisRunner static constructor.
RoslynAnalysisRunner will not be running.
RoslynAnalysisRunner has terminated.
Mono: successfully reloaded assembly
- Completed reload, in  0.912 seconds
Platform modules already initialized, skipping
Refreshing native plugins compatible for Editor in 0.34 ms, found 1 plugins.
Preloading 0 native plugins for Editor in 0.00 ms.
Unloading 1802 Unused Serialized files (Serialized files now loaded: 0)
System memory in use before: 88.0 MB.
System memory in use after: 88.0 MB.

Unloading 12 unused Assets to reduce memory usage. Loaded Objects now: 2312.
Total: 2.418600 ms (FindLiveObjects: 0.355000 ms CreateObjectMapping: 0.117200 ms MarkObjects: 1.761500 ms  DeleteObjects: 0.183800 ms)

========================================================================
Received Prepare
Registering precompiled user dll's ...
Registered in 0.000964 seconds.
Begin MonoManager ReloadAssembly
Native extension for WindowsStandalone target not found
Native extension for WebGL target not found
Refreshing native plugins compatible for Editor in 0.32 ms, found 1 plugins.
Preloading 0 native plugins for Editor in 0.00 ms.
Invoked RoslynAnalysisRunner static constructor.
RoslynAnalysisRunner will not be running.
RoslynAnalysisRunner has terminated.
Mono: successfully reloaded assembly
- Completed reload, in  0.932 seconds
Platform modules already initialized, skipping
Refreshing native plugins compatible for Editor in 0.36 ms, found 1 plugins.
Preloading 0 native plugins for Editor in 0.00 ms.
Unloading 1802 Unused Serialized files (Serialized files now loaded: 0)
System memory in use before: 88.0 MB.
System memory in use after: 88.0 MB.

Unloading 12 unused Assets to reduce memory usage. Loaded Objects now: 2316.
Total: 3.518700 ms (FindLiveObjects: 0.374500 ms CreateObjectMapping: 0.153300 ms MarkObjects: 2.857800 ms  DeleteObjects: 0.132200 ms)

========================================================================
Received Import Request.
  Time since last request: 161.847615 seconds.
  path: Assets/New Physic Material.physicMaterial
  artifactKey: Guid(f2a431ba3b6726446970a40209c74457) Importer(815301076,1909f56bfc062723c751e8b465ee728b)
Start importing Assets/New Physic Material.physicMaterial using Guid(f2a431ba3b6726446970a40209c74457) Importer(815301076,1909f56bfc062723c751e8b465ee728b)  -> (artifact id: '18a1edef475297b943e42c16d95e2be6') in 0.014410 seconds
  Import took 0.019116 seconds .

========================================================================
Received Import Request.
  Time since last request: 33.348535 seconds.
  path: Assets/topMaterial.physicMaterial
  artifactKey: Guid(93ab131df03298848a043391f60950a4) Importer(815301076,1909f56bfc062723c751e8b465ee728b)
Start importing Assets/topMaterial.physicMaterial using Guid(93ab131df03298848a043391f60950a4) Importer(815301076,1909f56bfc062723c751e8b465ee728b)  -> (artifact id: '5856d1c94de36ecbf47ada81c0633a37') in 0.004010 seconds
  Import took 0.008018 seconds .

========================================================================
Received Import Request.
  Time since last request: 0.000818 seconds.
  path: Assets/topMaterial.physicMaterial
  artifactKey: Guid(93ab131df03298848a043391f60950a4) Importer(815301076,1909f56bfc062723c751e8b465ee728b)
Start importing Assets/topMaterial.physicMaterial using Guid(93ab131df03298848a043391f60950a4) Importer(815301076,1909f56bfc062723c751e8b465ee728b)  -> (artifact id: '5856d1c94de36ecbf47ada81c0633a37') in 0.004364 seconds
  Import took 0.008405 seconds .

========================================================================
Received Import Request.
  Time since last request: 102.821089 seconds.
  path: Assets/New Physics Material 2D.physicsMaterial2D
  artifactKey: Guid(13c7763e2627e2442a1518c22e5fb89c) Importer(815301076,1909f56bfc062723c751e8b465ee728b)
Start importing Assets/New Physics Material 2D.physicsMaterial2D using Guid(13c7763e2627e2442a1518c22e5fb89c) Importer(815301076,1909f56bfc062723c751e8b465ee728b)  -> (artifact id: '1af6c021714b89ec696773be79a1a9ce') in 0.006528 seconds
  Import took 0.011033 seconds .

========================================================================
Received Import Request.
  Time since last request: 24.613450 seconds.
  path: Assets/topmateryal.physicsMaterial2D
  artifactKey: Guid(13c7763e2627e2442a1518c22e5fb89c) Importer(815301076,1909f56bfc062723c751e8b465ee728b)
Start importing Assets/topmateryal.physicsMaterial2D using Guid(13c7763e2627e2442a1518c22e5fb89c) Importer(815301076,1909f56bfc062723c751e8b465ee728b)  -> (artifact id: '7f5af102c55bf57313ef59dd21e8b208') in 0.004288 seconds
  Import took 0.008318 seconds .

========================================================================
Received Import Request.
  Time since last request: 0.001114 seconds.
  path: Assets/topmateryal.physicsMaterial2D
  artifactKey: Guid(13c7763e2627e2442a1518c22e5fb89c) Importer(815301076,1909f56bfc062723c751e8b465ee728b)
Start importing Assets/topmateryal.physicsMaterial2D using Guid(13c7763e2627e2442a1518c22e5fb89c) Importer(815301076,1909f56bfc062723c751e8b465ee728b)  -> (artifact id: '7f5af102c55bf57313ef59dd21e8b208') in 0.004426 seconds
  Import took 0.008443 seconds .

========================================================================
Received Prepare
Registering precompiled user dll's ...
Registered in 0.001072 seconds.
Begin MonoManager ReloadAssembly
Native extension for WindowsStandalone target not found
Native extension for WebGL target not found
Refreshing native plugins compatible for Editor in 0.35 ms, found 1 plugins.
Preloading 0 native plugins for Editor in 0.00 ms.
Invoked RoslynAnalysisRunner static constructor.
RoslynAnalysisRunner will not be running.
RoslynAnalysisRunner has terminated.
Mono: successfully reloaded assembly
- Completed reload, in  1.016 seconds
Platform modules already initialized, skipping
Refreshing native plugins compatible for Editor in 0.35 ms, found 1 plugins.
Preloading 0 native plugins for Editor in 0.00 ms.
Unloading 1802 Unused Serialized files (Serialized files now loaded: 0)
System memory in use before: 88.0 MB.
System memory in use after: 88.0 MB.

Unloading 12 unused Assets to reduce memory usage. Loaded Objects now: 2320.
Total: 3.530200 ms (FindLiveObjects: 0.337400 ms CreateObjectMapping: 0.136800 ms MarkObjects: 2.878900 ms  DeleteObjects: 0.175600 ms)

========================================================================
Received Prepare
Registering precompiled user dll's ...
Registered in 0.001017 seconds.
Begin MonoManager ReloadAssembly
Native extension for WindowsStandalone target not found
Native extension for WebGL target not found
Refreshing native plugins compatible for Editor in 0.33 ms, found 1 plugins.
Preloading 0 native plugins for Editor in 0.00 ms.
Invoked RoslynAnalysisRunner static constructor.
RoslynAnalysisRunner will not be running.
RoslynAnalysisRunner has terminated.
Mono: successfully reloaded assembly
- Completed reload, in  0.878 seconds
Platform modules already initialized, skipping
Refreshing native plugins compatible for Editor in 0.33 ms, found 1 plugins.
Preloading 0 native plugins for Editor in 0.00 ms.
Unloading 1802 Unused Serialized files (Serialized files now loaded: 0)
System memory in use before: 88.0 MB.
System memory in use after: 88.0 MB.

Unloading 12 unused Assets to reduce memory usage. Loaded Objects now: 2324.
Total: 2.639700 ms (FindLiveObjects: 0.352400 ms CreateObjectMapping: 0.083000 ms MarkObjects: 2.030000 ms  DeleteObjects: 0.173400 ms)

========================================================================
Received Prepare
Registering precompiled user dll's ...
Registered in 0.000967 seconds.
Begin MonoManager ReloadAssembly
Native extension for WindowsStandalone target not found
Native extension for WebGL target not found
Refreshing native plugins compatible for Editor in 0.35 ms, found 1 plugins.
Preloading 0 native plugins for Editor in 0.00 ms.
Invoked RoslynAnalysisRunner static constructor.
RoslynAnalysisRunner will not be running.
RoslynAnalysisRunner has terminated.
Mono: successfully reloaded assembly
- Completed reload, in  0.988 seconds
Platform modules already initialized, skipping
Refreshing native plugins compatible for Editor in 0.36 ms, found 1 plugins.
Preloading 0 native plugins for Editor in 0.00 ms.
Unloading 1802 Unused Serialized files (Serialized files now loaded: 0)
System memory in use before: 88.0 MB.
System memory in use after: 88.0 MB.

Unloading 12 unused Assets to reduce memory usage. Loaded Objects now: 2328.
Total: 2.250700 ms (FindLiveObjects: 0.231600 ms CreateObjectMapping: 0.089500 ms MarkObjects: 1.740500 ms  DeleteObjects: 0.188000 ms)

========================================================================
Received Prepare
Registering precompiled user dll's ...
Registered in 0.001045 seconds.
Begin MonoManager ReloadAssembly
Native extension for WindowsStandalone target not found
Native extension for WebGL target not found
Refreshing native plugins compatible for Editor in 0.35 ms, found 1 plugins.
Preloading 0 native plugins for Editor in 0.00 ms.
Invoked RoslynAnalysisRunner static constructor.
RoslynAnalysisRunner will not be running.
RoslynAnalysisRunner has terminated.
Mono: successfully reloaded assembly
- Completed reload, in  0.915 seconds
Platform modules already initialized, skipping
Refreshing native plugins compatible for Editor in 0.35 ms, found 1 plugins.
Preloading 0 native plugins for Editor in 0.00 ms.
Unloading 1802 Unused Serialized files (Serialized files now loaded: 0)
System memory in use before: 88.0 MB.
System memory in use after: 88.0 MB.

Unloading 12 unused Assets to reduce memory usage. Loaded Objects now: 2332.
Total: 2.786200 ms (FindLiveObjects: 0.300500 ms CreateObjectMapping: 0.068300 ms MarkObjects: 2.222800 ms  DeleteObjects: 0.193900 ms)

========================================================================
Received Prepare
Registering precompiled user dll's ...
Registered in 0.001000 seconds.
Begin MonoManager ReloadAssembly
Native extension for WindowsStandalone target not found
Native extension for WebGL target not found
Refreshing native plugins compatible for Editor in 0.35 ms, found 1 plugins.
Preloading 0 native plugins for Editor in 0.00 ms.
Invoked RoslynAnalysisRunner static constructor.
RoslynAnalysisRunner will not be running.
RoslynAnalysisRunner has terminated.
Mono: successfully reloaded assembly
- Completed reload, in  0.900 seconds
Platform modules already initialized, skipping
Refreshing native plugins compatible for Editor in 0.36 ms, found 1 plugins.
Preloading 0 native plugins for Editor in 0.00 ms.
Unloading 1802 Unused Serialized files (Serialized files now loaded: 0)
System memory in use before: 88.0 MB.
System memory in use after: 88.0 MB.

Unloading 12 unused Assets to reduce memory usage. Loaded Objects now: 2336.
Total: 2.332600 ms (FindLiveObjects: 0.292200 ms CreateObjectMapping: 0.111400 ms MarkObjects: 1.749300 ms  DeleteObjects: 0.178800 ms)

========================================================================
Received Prepare
Registering precompiled user dll's ...
Registered in 0.001471 seconds.
Begin MonoManager ReloadAssembly
Native extension for WindowsStandalone target not found
Native extension for WebGL target not found
Refreshing native plugins compatible for Editor in 0.33 ms, found 1 plugins.
Preloading 0 native plugins for Editor in 0.00 ms.
Invoked RoslynAnalysisRunner static constructor.
RoslynAnalysisRunner will not be running.
RoslynAnalysisRunner has terminated.
Mono: successfully reloaded assembly
- Completed reload, in  0.908 seconds
Platform modules already initialized, skipping
Refreshing native plugins compatible for Editor in 0.50 ms, found 1 plugins.
Preloading 0 native plugins for Editor in 0.00 ms.
Unloading 1802 Unused Serialized files (Serialized files now loaded: 0)
System memory in use before: 88.0 MB.
System memory in use after: 88.0 MB.

Unloading 12 unused Assets to reduce memory usage. Loaded Objects now: 2340.
Total: 2.326000 ms (FindLiveObjects: 0.229300 ms CreateObjectMapping: 0.066300 ms MarkObjects: 1.864000 ms  DeleteObjects: 0.165500 ms)

========================================================================
Received Prepare
Registering precompiled user dll's ...
Registered in 0.000995 seconds.
Begin MonoManager ReloadAssembly
Native extension for WindowsStandalone target not found
Native extension for WebGL target not found
Refreshing native plugins compatible for Editor in 0.33 ms, found 1 plugins.
Preloading 0 native plugins for Editor in 0.00 ms.
Invoked RoslynAnalysisRunner static constructor.
RoslynAnalysisRunner will not be running.
RoslynAnalysisRunner has terminated.
Mono: successfully reloaded assembly
- Completed reload, in  0.960 seconds
Platform modules already initialized, skipping
Refreshing native plugins compatible for Editor in 0.34 ms, found 1 plugins.
Preloading 0 native plugins for Editor in 0.00 ms.
Unloading 1802 Unused Serialized files (Serialized files now loaded: 0)
System memory in use before: 88.1 MB.
System memory in use after: 88.0 MB.

Unloading 12 unused Assets to reduce memory usage. Loaded Objects now: 2344.
Total: 3.814000 ms (FindLiveObjects: 0.483600 ms CreateObjectMapping: 0.206700 ms MarkObjects: 2.986700 ms  DeleteObjects: 0.135400 ms)

========================================================================
Received Prepare
Registering precompiled user dll's ...
Registered in 0.000932 seconds.
Begin MonoManager ReloadAssembly
Native extension for WindowsStandalone target not found
Native extension for WebGL target not found
Refreshing native plugins compatible for Editor in 0.33 ms, found 1 plugins.
Preloading 0 native plugins for Editor in 0.00 ms.
Invoked RoslynAnalysisRunner static constructor.
RoslynAnalysisRunner will not be running.
RoslynAnalysisRunner has terminated.
Mono: successfully reloaded assembly
- Completed reload, in  0.897 seconds
Platform modules already initialized, skipping
Refreshing native plugins compatible for Editor in 0.33 ms, found 1 plugins.
Preloading 0 native plugins for Editor in 0.00 ms.
Unloading 1803 Unused Serialized files (Serialized files now loaded: 0)
System memory in use before: 88.1 MB.
System memory in use after: 88.1 MB.

Unloading 12 unused Assets to reduce memory usage. Loaded Objects now: 2349.
Total: 2.842300 ms (FindLiveObjects: 0.347200 ms CreateObjectMapping: 0.079900 ms MarkObjects: 2.230900 ms  DeleteObjects: 0.183400 ms)

========================================================================
Received Import Request.
  Time since last request: 337.629076 seconds.
  path: Assets/Racket.cs
  artifactKey: Guid(054372275e985f349b92e44deec45033) Importer(815301076,1909f56bfc062723c751e8b465ee728b)
Start importing Assets/Racket.cs using Guid(054372275e985f349b92e44deec45033) Importer(815301076,1909f56bfc062723c751e8b465ee728b)  -> (artifact id: '5c8350d5bc1b48f8e7e470210322f572') in 0.005693 seconds
  Import took 0.085688 seconds .

========================================================================
Received Prepare
Registering precompiled user dll's ...
Registered in 0.000977 seconds.
Begin MonoManager ReloadAssembly
Native extension for WindowsStandalone target not found
Native extension for WebGL target not found
Refreshing native plugins compatible for Editor in 0.33 ms, found 1 plugins.
Preloading 0 native plugins for Editor in 0.00 ms.
Invoked RoslynAnalysisRunner static constructor.
RoslynAnalysisRunner will not be running.
RoslynAnalysisRunner has terminated.
Mono: successfully reloaded assembly
- Completed reload, in  0.902 seconds
Platform modules already initialized, skipping
Refreshing native plugins compatible for Editor in 0.33 ms, found 1 plugins.
Preloading 0 native plugins for Editor in 0.00 ms.
Unloading 1803 Unused Serialized files (Serialized files now loaded: 0)
System memory in use before: 88.1 MB.
System memory in use after: 88.1 MB.

Unloading 12 unused Assets to reduce memory usage. Loaded Objects now: 2353.
Total: 3.363800 ms (FindLiveObjects: 0.461600 ms CreateObjectMapping: 0.188100 ms MarkObjects: 2.479400 ms  DeleteObjects: 0.232700 ms)

========================================================================
Received Import Request.
  Time since last request: 524.610895 seconds.
  path: Assets/Racket.cs
  artifactKey: Guid(054372275e985f349b92e44deec45033) Importer(815301076,1909f56bfc062723c751e8b465ee728b)
Start importing Assets/Racket.cs using Guid(054372275e985f349b92e44deec45033) Importer(815301076,1909f56bfc062723c751e8b465ee728b)  -> (artifact id: '00ebf20c641e4761ff1a4fe856c81592') in 0.004986 seconds
  Import took 0.020688 seconds .

========================================================================
Received Prepare
Registering precompiled user dll's ...
Registered in 0.001665 seconds.
Begin MonoManager ReloadAssembly
Native extension for WindowsStandalone target not found
Native extension for WebGL target not found
Refreshing native plugins compatible for Editor in 0.47 ms, found 1 plugins.
Preloading 0 native plugins for Editor in 0.00 ms.
Invoked RoslynAnalysisRunner static constructor.
RoslynAnalysisRunner will not be running.
RoslynAnalysisRunner has terminated.
Mono: successfully reloaded assembly
- Completed reload, in  0.911 seconds
Platform modules already initialized, skipping
Refreshing native plugins compatible for Editor in 0.33 ms, found 1 plugins.
Preloading 0 native plugins for Editor in 0.00 ms.
Unloading 1803 Unused Serialized files (Serialized files now loaded: 0)
System memory in use before: 88.1 MB.
System memory in use after: 88.1 MB.

Unloading 12 unused Assets to reduce memory usage. Loaded Objects now: 2357.
Total: 2.522000 ms (FindLiveObjects: 0.216400 ms CreateObjectMapping: 0.078100 ms MarkObjects: 2.003000 ms  DeleteObjects: 0.223500 ms)

========================================================================
Received Import Request.
  Time since last request: 40.631863 seconds.
  path: Assets/Racket.cs
  artifactKey: Guid(054372275e985f349b92e44deec45033) Importer(815301076,1909f56bfc062723c751e8b465ee728b)
Start importing Assets/Racket.cs using Guid(054372275e985f349b92e44deec45033) Importer(815301076,1909f56bfc062723c751e8b465ee728b)  -> (artifact id: '52aaae84eade823bb942cc2dad9fba8b') in 0.005002 seconds
  Import took 0.176404 seconds .

========================================================================
Received Prepare
Registering precompiled user dll's ...
Registered in 0.001936 seconds.
Begin MonoManager ReloadAssembly
Native extension for WindowsStandalone target not found
Native extension for WebGL target not found
Refreshing native plugins compatible for Editor in 0.46 ms, found 1 plugins.
Preloading 0 native plugins for Editor in 0.00 ms.
Invoked RoslynAnalysisRunner static constructor.
RoslynAnalysisRunner will not be running.
RoslynAnalysisRunner has terminated.
Mono: successfully reloaded assembly
- Completed reload, in  0.874 seconds
Platform modules already initialized, skipping
Refreshing native plugins compatible for Editor in 0.34 ms, found 1 plugins.
Preloading 0 native plugins for Editor in 0.00 ms.
Unloading 1803 Unused Serialized files (Serialized files now loaded: 0)
System memory in use before: 88.1 MB.
System memory in use after: 88.1 MB.

Unloading 12 unused Assets to reduce memory usage. Loaded Objects now: 2361.
Total: 3.346800 ms (FindLiveObjects: 0.258900 ms CreateObjectMapping: 0.136800 ms MarkObjects: 2.803000 ms  DeleteObjects: 0.146800 ms)

========================================================================
Received Prepare
Registering precompiled user dll's ...
Registered in 0.001512 seconds.
Begin MonoManager ReloadAssembly
Native extension for WindowsStandalone target not found
Native extension for WebGL target not found
Refreshing native plugins compatible for Editor in 0.35 ms, found 1 plugins.
Preloading 0 native plugins for Editor in 0.00 ms.
Invoked RoslynAnalysisRunner static constructor.
RoslynAnalysisRunner will not be running.
RoslynAnalysisRunner has terminated.
Mono: successfully reloaded assembly
- Completed reload, in  0.905 seconds
Platform modules already initialized, skipping
Refreshing native plugins compatible for Editor in 0.33 ms, found 1 plugins.
Preloading 0 native plugins for Editor in 0.00 ms.
Unloading 1803 Unused Serialized files (Serialized files now loaded: 0)
System memory in use before: 88.1 MB.
System memory in use after: 88.1 MB.

Unloading 12 unused Assets to reduce memory usage. Loaded Objects now: 2365.
Total: 2.628000 ms (FindLiveObjects: 0.217800 ms CreateObjectMapping: 0.089800 ms MarkObjects: 2.160100 ms  DeleteObjects: 0.159200 ms)

========================================================================
Received Prepare
Registering precompiled user dll's ...
Registered in 0.002128 seconds.
Begin MonoManager ReloadAssembly
Native extension for WindowsStandalone target not found
Native extension for WebGL target not found
Refreshing native plugins compatible for Editor in 0.35 ms, found 1 plugins.
Preloading 0 native plugins for Editor in 0.00 ms.
Invoked RoslynAnalysisRunner static constructor.
RoslynAnalysisRunner will not be running.
RoslynAnalysisRunner has terminated.
Mono: successfully reloaded assembly
- Completed reload, in  0.917 seconds
Platform modules already initialized, skipping
Refreshing native plugins compatible for Editor in 0.37 ms, found 1 plugins.
Preloading 0 native plugins for Editor in 0.00 ms.
Unloading 1803 Unused Serialized files (Serialized files now loaded: 0)
System memory in use before: 88.1 MB.
System memory in use after: 88.1 MB.

Unloading 12 unused Assets to reduce memory usage. Loaded Objects now: 2369.
Total: 5.281200 ms (FindLiveObjects: 0.850100 ms CreateObjectMapping: 1.462400 ms MarkObjects: 2.800800 ms  DeleteObjects: 0.166900 ms)

========================================================================
Received Import Request.
  Time since last request: 1227.648647 seconds.
  path: Assets/Scenes
  artifactKey: Guid(f9e93e9de4b58a34fb2ae1ce4925b99d) Importer(815301076,1909f56bfc062723c751e8b465ee728b)
Start importing Assets/Scenes using Guid(f9e93e9de4b58a34fb2ae1ce4925b99d) Importer(815301076,1909f56bfc062723c751e8b465ee728b)  -> (artifact id: '918b004b57a7a3dab1e97a717014e325') in 0.008497 seconds
  Import took 0.379527 seconds .

========================================================================
Received Prepare
Registering precompiled user dll's ...
Registered in 0.001071 seconds.
Begin MonoManager ReloadAssembly
Native extension for WindowsStandalone target not found
Native extension for WebGL target not found
Refreshing native plugins compatible for Editor in 0.35 ms, found 1 plugins.
Preloading 0 native plugins for Editor in 0.00 ms.
Invoked RoslynAnalysisRunner static constructor.
RoslynAnalysisRunner will not be running.
RoslynAnalysisRunner has terminated.
Mono: successfully reloaded assembly
- Completed reload, in  0.952 seconds
Platform modules already initialized, skipping
Refreshing native plugins compatible for Editor in 0.34 ms, found 1 plugins.
Preloading 0 native plugins for Editor in 0.00 ms.
Unloading 1803 Unused Serialized files (Serialized files now loaded: 0)
System memory in use before: 88.1 MB.
System memory in use after: 88.1 MB.

Unloading 12 unused Assets to reduce memory usage. Loaded Objects now: 2373.
Total: 2.299400 ms (FindLiveObjects: 0.279800 ms CreateObjectMapping: 0.070000 ms MarkObjects: 1.780500 ms  DeleteObjects: 0.167800 ms)

========================================================================
Received Import Request.
  Time since last request: 357.868573 seconds.
  path: Assets/TagManager.cs
  artifactKey: Guid(11a778150fae5604f8a7881ad6b6f95a) Importer(815301076,1909f56bfc062723c751e8b465ee728b)
Start importing Assets/TagManager.cs using Guid(11a778150fae5604f8a7881ad6b6f95a) Importer(815301076,1909f56bfc062723c751e8b465ee728b)  -> (artifact id: 'c7d41c63444c600b13ff398de6f60585') in 0.006307 seconds
  Import took 0.050156 seconds .

========================================================================
Received Prepare
Registering precompiled user dll's ...
Registered in 0.000988 seconds.
Begin MonoManager ReloadAssembly
Native extension for WindowsStandalone target not found
Native extension for WebGL target not found
Refreshing native plugins compatible for Editor in 0.42 ms, found 1 plugins.
Preloading 0 native plugins for Editor in 0.00 ms.
Invoked RoslynAnalysisRunner static constructor.
RoslynAnalysisRunner will not be running.
RoslynAnalysisRunner has terminated.
Mono: successfully reloaded assembly
- Completed reload, in  0.936 seconds
Platform modules already initialized, skipping
Refreshing native plugins compatible for Editor in 0.38 ms, found 1 plugins.
Preloading 0 native plugins for Editor in 0.00 ms.
Unloading 1804 Unused Serialized files (Serialized files now loaded: 0)
System memory in use before: 88.2 MB.
System memory in use after: 88.2 MB.

Unloading 12 unused Assets to reduce memory usage. Loaded Objects now: 2378.
Total: 3.503700 ms (FindLiveObjects: 0.349600 ms CreateObjectMapping: 0.071000 ms MarkObjects: 2.856800 ms  DeleteObjects: 0.225100 ms)

========================================================================
Received Prepare
Registering precompiled user dll's ...
Registered in 0.001471 seconds.
Begin MonoManager ReloadAssembly
Native extension for WindowsStandalone target not found
Native extension for WebGL target not found
Refreshing native plugins compatible for Editor in 0.39 ms, found 1 plugins.
Preloading 0 native plugins for Editor in 0.00 ms.
Invoked RoslynAnalysisRunner static constructor.
RoslynAnalysisRunner will not be running.
RoslynAnalysisRunner has terminated.
Mono: successfully reloaded assembly
- Completed reload, in  0.910 seconds
Platform modules already initialized, skipping
Refreshing native plugins compatible for Editor in 0.33 ms, found 1 plugins.
Preloading 0 native plugins for Editor in 0.00 ms.
Unloading 1804 Unused Serialized files (Serialized files now loaded: 0)
System memory in use before: 88.2 MB.
System memory in use after: 88.2 MB.

Unloading 12 unused Assets to reduce memory usage. Loaded Objects now: 2382.
Total: 2.282900 ms (FindLiveObjects: 0.217200 ms CreateObjectMapping: 0.094800 ms MarkObjects: 1.813900 ms  DeleteObjects: 0.155900 ms)

========================================================================
Received Import Request.
  Time since last request: 69.138371 seconds.
  path: Assets/TagManager.cs
  artifactKey: Guid(11a778150fae5604f8a7881ad6b6f95a) Importer(815301076,1909f56bfc062723c751e8b465ee728b)
Start importing Assets/TagManager.cs using Guid(11a778150fae5604f8a7881ad6b6f95a) Importer(815301076,1909f56bfc062723c751e8b465ee728b)  -> (artifact id: 'ca4abe577bd40e49faf0329dc4e6e5ef') in 0.005322 seconds
  Import took 0.137259 seconds .

========================================================================
Received Import Request.
  Time since last request: 104.673861 seconds.
  path: Assets/Ball.cs
  artifactKey: Guid(f4e07e9ac5fc0454a8c2dbf431c2c02e) Importer(815301076,1909f56bfc062723c751e8b465ee728b)
Start importing Assets/Ball.cs using Guid(f4e07e9ac5fc0454a8c2dbf431c2c02e) Importer(815301076,1909f56bfc062723c751e8b465ee728b)  -> (artifact id: 'cdadca9ce14102906087f317b000df57') in 0.003850 seconds
  Import took 0.084424 seconds .

========================================================================
Received Prepare
Registering precompiled user dll's ...
Registered in 0.000996 seconds.
Begin MonoManager ReloadAssembly
Native extension for WindowsStandalone target not found
Native extension for WebGL target not found
Refreshing native plugins compatible for Editor in 0.35 ms, found 1 plugins.
Preloading 0 native plugins for Editor in 0.00 ms.
Invoked RoslynAnalysisRunner static constructor.
RoslynAnalysisRunner will not be running.
RoslynAnalysisRunner has terminated.
Mono: successfully reloaded assembly
- Completed reload, in  0.893 seconds
Platform modules already initialized, skipping
Refreshing native plugins compatible for Editor in 0.35 ms, found 1 plugins.
Preloading 0 native plugins for Editor in 0.00 ms.
Unloading 1804 Unused Serialized files (Serialized files now loaded: 0)
System memory in use before: 88.2 MB.
System memory in use after: 88.2 MB.

Unloading 12 unused Assets to reduce memory usage. Loaded Objects now: 2386.
Total: 3.265300 ms (FindLiveObjects: 0.457700 ms CreateObjectMapping: 0.186400 ms MarkObjects: 2.427500 ms  DeleteObjects: 0.179300 ms)

========================================================================
Received Import Request.
  Time since last request: 661.250217 seconds.
  path: Assets/Ball.cs
  artifactKey: Guid(f4e07e9ac5fc0454a8c2dbf431c2c02e) Importer(815301076,1909f56bfc062723c751e8b465ee728b)
Start importing Assets/Ball.cs using Guid(f4e07e9ac5fc0454a8c2dbf431c2c02e) Importer(815301076,1909f56bfc062723c751e8b465ee728b)  -> (artifact id: '3bd47d2e0252d6b3d196845cedd76bdb') in 0.005237 seconds
  Import took 0.043666 seconds .

========================================================================
Received Prepare
Registering precompiled user dll's ...
Registered in 0.001264 seconds.
Begin MonoManager ReloadAssembly
Native extension for WindowsStandalone target not found
Native extension for WebGL target not found
Refreshing native plugins compatible for Editor in 0.41 ms, found 1 plugins.
Preloading 0 native plugins for Editor in 0.00 ms.
Invoked RoslynAnalysisRunner static constructor.
RoslynAnalysisRunner will not be running.
RoslynAnalysisRunner has terminated.
Mono: successfully reloaded assembly
- Completed reload, in  1.091 seconds
Platform modules already initialized, skipping
Refreshing native plugins compatible for Editor in 0.38 ms, found 1 plugins.
Preloading 0 native plugins for Editor in 0.00 ms.
Unloading 1804 Unused Serialized files (Serialized files now loaded: 0)
System memory in use before: 88.2 MB.
System memory in use after: 88.2 MB.

Unloading 12 unused Assets to reduce memory usage. Loaded Objects now: 2390.
Total: 3.159600 ms (FindLiveObjects: 0.450700 ms CreateObjectMapping: 0.133500 ms MarkObjects: 2.390200 ms  DeleteObjects: 0.183500 ms)

========================================================================
Received Prepare
Registering precompiled user dll's ...
Registered in 0.001569 seconds.
Begin MonoManager ReloadAssembly
Native extension for WindowsStandalone target not found
Native extension for WebGL target not found
Refreshing native plugins compatible for Editor in 0.34 ms, found 1 plugins.
Preloading 0 native plugins for Editor in 0.00 ms.
Invoked RoslynAnalysisRunner static constructor.
RoslynAnalysisRunner will not be running.
RoslynAnalysisRunner has terminated.
Mono: successfully reloaded assembly
- Completed reload, in  0.887 seconds
Platform modules already initialized, skipping
Refreshing native plugins compatible for Editor in 0.67 ms, found 1 plugins.
Preloading 0 native plugins for Editor in 0.00 ms.
Unloading 1804 Unused Serialized files (Serialized files now loaded: 0)
System memory in use before: 88.2 MB.
System memory in use after: 88.2 MB.

Unloading 12 unused Assets to reduce memory usage. Loaded Objects now: 2394.
Total: 2.443300 ms (FindLiveObjects: 0.233800 ms CreateObjectMapping: 0.086000 ms MarkObjects: 1.949500 ms  DeleteObjects: 0.172800 ms)

========================================================================
Received Prepare
Registering precompiled user dll's ...
Registered in 0.001105 seconds.
Begin MonoManager ReloadAssembly
Native extension for WindowsStandalone target not found
Native extension for WebGL target not found
Refreshing native plugins compatible for Editor in 0.90 ms, found 1 plugins.
Preloading 0 native plugins for Editor in 0.00 ms.
Invoked RoslynAnalysisRunner static constructor.
RoslynAnalysisRunner will not be running.
RoslynAnalysisRunner has terminated.
Mono: successfully reloaded assembly
- Completed reload, in  1.040 seconds
Platform modules already initialized, skipping
Refreshing native plugins compatible for Editor in 0.65 ms, found 1 plugins.
Preloading 0 native plugins for Editor in 0.00 ms.
Unloading 1804 Unused Serialized files (Serialized files now loaded: 0)
System memory in use before: 88.2 MB.
System memory in use after: 88.2 MB.

Unloading 12 unused Assets to reduce memory usage. Loaded Objects now: 2398.
Total: 6.744700 ms (FindLiveObjects: 0.622000 ms CreateObjectMapping: 0.130700 ms MarkObjects: 5.727900 ms  DeleteObjects: 0.262300 ms)

========================================================================
Received Prepare
Registering precompiled user dll's ...
Registered in 0.001015 seconds.
Begin MonoManager ReloadAssembly
Native extension for WindowsStandalone target not found
Native extension for WebGL target not found
Refreshing native plugins compatible for Editor in 1.91 ms, found 1 plugins.
Preloading 0 native plugins for Editor in 0.00 ms.
Invoked RoslynAnalysisRunner static constructor.
RoslynAnalysisRunner will not be running.
RoslynAnalysisRunner has terminated.
Mono: successfully reloaded assembly
- Completed reload, in  1.314 seconds
Platform modules already initialized, skipping
Refreshing native plugins compatible for Editor in 0.47 ms, found 1 plugins.
Preloading 0 native plugins for Editor in 0.00 ms.
Unloading 1804 Unused Serialized files (Serialized files now loaded: 0)
System memory in use before: 88.2 MB.
System memory in use after: 88.2 MB.

Unloading 12 unused Assets to reduce memory usage. Loaded Objects now: 2402.
Total: 3.644300 ms (FindLiveObjects: 0.339800 ms CreateObjectMapping: 0.138400 ms MarkObjects: 2.976600 ms  DeleteObjects: 0.166900 ms)

========================================================================
Received Prepare
Registering precompiled user dll's ...
Registered in 0.001006 seconds.
Begin MonoManager ReloadAssembly
Native extension for WindowsStandalone target not found
Native extension for WebGL target not found
Refreshing native plugins compatible for Editor in 0.33 ms, found 1 plugins.
Preloading 0 native plugins for Editor in 0.00 ms.
Invoked RoslynAnalysisRunner static constructor.
RoslynAnalysisRunner will not be running.
RoslynAnalysisRunner has terminated.
Mono: successfully reloaded assembly
- Completed reload, in  0.923 seconds
Platform modules already initialized, skipping
Refreshing native plugins compatible for Editor in 0.41 ms, found 1 plugins.
Preloading 0 native plugins for Editor in 0.00 ms.
Unloading 1804 Unused Serialized files (Serialized files now loaded: 0)
System memory in use before: 88.2 MB.
System memory in use after: 88.2 MB.

Unloading 12 unused Assets to reduce memory usage. Loaded Objects now: 2406.
Total: 2.433400 ms (FindLiveObjects: 0.205600 ms CreateObjectMapping: 0.075200 ms MarkObjects: 2.014100 ms  DeleteObjects: 0.137500 ms)

========================================================================
Received Prepare
Registering precompiled user dll's ...
Registered in 0.001130 seconds.
Begin MonoManager ReloadAssembly
Native extension for WindowsStandalone target not found
Native extension for WebGL target not found
Refreshing native plugins compatible for Editor in 0.34 ms, found 1 plugins.
Preloading 0 native plugins for Editor in 0.00 ms.
Invoked RoslynAnalysisRunner static constructor.
RoslynAnalysisRunner will not be running.
RoslynAnalysisRunner has terminated.
Mono: successfully reloaded assembly
- Completed reload, in  0.924 seconds
Platform modules already initialized, skipping
Refreshing native plugins compatible for Editor in 0.50 ms, found 1 plugins.
Preloading 0 native plugins for Editor in 0.00 ms.
Unloading 1804 Unused Serialized files (Serialized files now loaded: 0)
System memory in use before: 88.2 MB.
System memory in use after: 88.2 MB.

Unloading 12 unused Assets to reduce memory usage. Loaded Objects now: 2410.
Total: 2.308800 ms (FindLiveObjects: 0.306100 ms CreateObjectMapping: 0.134600 ms MarkObjects: 1.707000 ms  DeleteObjects: 0.159400 ms)

========================================================================
Received Prepare
Registering precompiled user dll's ...
Registered in 0.001223 seconds.
Begin MonoManager ReloadAssembly
Native extension for WindowsStandalone target not found
Native extension for WebGL target not found
Refreshing native plugins compatible for Editor in 0.32 ms, found 1 plugins.
Preloading 0 native plugins for Editor in 0.00 ms.
Invoked RoslynAnalysisRunner static constructor.
RoslynAnalysisRunner will not be running.
RoslynAnalysisRunner has terminated.
Mono: successfully reloaded assembly
- Completed reload, in  0.883 seconds
Platform modules already initialized, skipping
Refreshing native plugins compatible for Editor in 0.33 ms, found 1 plugins.
Preloading 0 native plugins for Editor in 0.00 ms.
Unloading 1804 Unused Serialized files (Serialized files now loaded: 0)
System memory in use before: 88.3 MB.
System memory in use after: 88.2 MB.

Unloading 12 unused Assets to reduce memory usage. Loaded Objects now: 2414.
Total: 2.357000 ms (FindLiveObjects: 0.295700 ms CreateObjectMapping: 0.075000 ms MarkObjects: 1.818600 ms  DeleteObjects: 0.166800 ms)

========================================================================
Received Import Request.
  Time since last request: 845.520749 seconds.
  path: Assets/bat_hit_ball.wav
  artifactKey: Guid(28dd59b5062151e4883831846c4f9f0a) Importer(815301076,1909f56bfc062723c751e8b465ee728b)
Start importing Assets/bat_hit_ball.wav using Guid(28dd59b5062151e4883831846c4f9f0a) Importer(815301076,1909f56bfc062723c751e8b465ee728b)  -> (artifact id: '6e2e499bd0a9b3ba7c6bb4d2a4e5bd2d') in 0.178221 seconds
  Import took 0.204177 seconds .

========================================================================
Received Prepare
Registering precompiled user dll's ...
Registered in 0.001097 seconds.
Begin MonoManager ReloadAssembly
Native extension for WindowsStandalone target not found
Native extension for WebGL target not found
Refreshing native plugins compatible for Editor in 0.39 ms, found 1 plugins.
Preloading 0 native plugins for Editor in 0.00 ms.
Invoked RoslynAnalysisRunner static constructor.
RoslynAnalysisRunner will not be running.
RoslynAnalysisRunner has terminated.
Mono: successfully reloaded assembly
- Completed reload, in  1.002 seconds
Platform modules already initialized, skipping
Refreshing native plugins compatible for Editor in 0.54 ms, found 1 plugins.
Preloading 0 native plugins for Editor in 0.00 ms.
Unloading 1804 Unused Serialized files (Serialized files now loaded: 0)
System memory in use before: 88.3 MB.
System memory in use after: 88.3 MB.

Unloading 12 unused Assets to reduce memory usage. Loaded Objects now: 2421.
Total: 2.559300 ms (FindLiveObjects: 0.242200 ms CreateObjectMapping: 0.105200 ms MarkObjects: 2.001500 ms  DeleteObjects: 0.209400 ms)

========================================================================
Received Prepare
Registering precompiled user dll's ...
Registered in 0.001504 seconds.
Begin MonoManager ReloadAssembly
Native extension for WindowsStandalone target not found
Native extension for WebGL target not found
Refreshing native plugins compatible for Editor in 0.37 ms, found 1 plugins.
Preloading 0 native plugins for Editor in 0.00 ms.
Invoked RoslynAnalysisRunner static constructor.
RoslynAnalysisRunner will not be running.
RoslynAnalysisRunner has terminated.
Mono: successfully reloaded assembly
- Completed reload, in  0.927 seconds
Platform modules already initialized, skipping
Refreshing native plugins compatible for Editor in 0.41 ms, found 1 plugins.
Preloading 0 native plugins for Editor in 0.00 ms.
Unloading 1804 Unused Serialized files (Serialized files now loaded: 0)
System memory in use before: 88.3 MB.
System memory in use after: 88.3 MB.

Unloading 12 unused Assets to reduce memory usage. Loaded Objects now: 2425.
Total: 5.289400 ms (FindLiveObjects: 0.553400 ms CreateObjectMapping: 0.248800 ms MarkObjects: 4.238600 ms  DeleteObjects: 0.246100 ms)

========================================================================
Received Prepare
Registering precompiled user dll's ...
Registered in 0.001045 seconds.
Begin MonoManager ReloadAssembly
Native extension for WindowsStandalone target not found
Native extension for WebGL target not found
Refreshing native plugins compatible for Editor in 0.34 ms, found 1 plugins.
Preloading 0 native plugins for Editor in 0.00 ms.
Invoked RoslynAnalysisRunner static constructor.
RoslynAnalysisRunner will not be running.
RoslynAnalysisRunner has terminated.
Mono: successfully reloaded assembly
- Completed reload, in  1.027 seconds
Platform modules already initialized, skipping
Refreshing native plugins compatible for Editor in 0.44 ms, found 1 plugins.
Preloading 0 native plugins for Editor in 0.00 ms.
Unloading 1804 Unused Serialized files (Serialized files now loaded: 0)
System memory in use before: 88.3 MB.
System memory in use after: 88.3 MB.

Unloading 12 unused Assets to reduce memory usage. Loaded Objects now: 2429.
Total: 3.181600 ms (FindLiveObjects: 0.406100 ms CreateObjectMapping: 0.137400 ms MarkObjects: 2.429200 ms  DeleteObjects: 0.207400 ms)

========================================================================
Received Prepare
Registering precompiled user dll's ...
Registered in 0.001232 seconds.
Begin MonoManager ReloadAssembly
Native extension for WindowsStandalone target not found
Native extension for WebGL target not found
Refreshing native plugins compatible for Editor in 0.34 ms, found 1 plugins.
Preloading 0 native plugins for Editor in 0.00 ms.
Invoked RoslynAnalysisRunner static constructor.
RoslynAnalysisRunner will not be running.
RoslynAnalysisRunner has terminated.
Mono: successfully reloaded assembly
- Completed reload, in  0.925 seconds
Platform modules already initialized, skipping
Refreshing native plugins compatible for Editor in 0.42 ms, found 1 plugins.
Preloading 0 native plugins for Editor in 0.00 ms.
Unloading 1804 Unused Serialized files (Serialized files now loaded: 0)
System memory in use before: 88.3 MB.
System memory in use after: 88.3 MB.

Unloading 12 unused Assets to reduce memory usage. Loaded Objects now: 2433.
Total: 3.213300 ms (FindLiveObjects: 0.418600 ms CreateObjectMapping: 0.156700 ms MarkObjects: 2.439000 ms  DeleteObjects: 0.198100 ms)

========================================================================
Received Import Request.
  Time since last request: 1221.536571 seconds.
  path: Assets/Racket.cs
  artifactKey: Guid(054372275e985f349b92e44deec45033) Importer(815301076,1909f56bfc062723c751e8b465ee728b)
Start importing Assets/Racket.cs using Guid(054372275e985f349b92e44deec45033) Importer(815301076,1909f56bfc062723c751e8b465ee728b)  -> (artifact id: '87d6a5219a88d0279fc568cb51d2a980') in 0.007229 seconds
  Import took 0.081431 seconds .

========================================================================
Received Import Request.
  Time since last request: 1.859083 seconds.
  path: Assets/pink.mat
  artifactKey: Guid(424c77df733c13d46aa886be56286e01) Importer(815301076,1909f56bfc062723c751e8b465ee728b)
Start importing Assets/pink.mat using Guid(424c77df733c13d46aa886be56286e01) Importer(815301076,1909f56bfc062723c751e8b465ee728b)  -> (artifact id: '4e03fd7d060fe80077f042f199e95f4b') in 0.098986 seconds
  Import took 0.118438 seconds .

========================================================================
Received Import Request.
  Time since last request: 0.000283 seconds.
  path: Assets/Racket1.cs
  artifactKey: Guid(c569b78c1b0ecd44192ff9ef0a6b1c7b) Importer(815301076,1909f56bfc062723c751e8b465ee728b)
Start importing Assets/Racket1.cs using Guid(c569b78c1b0ecd44192ff9ef0a6b1c7b) Importer(815301076,1909f56bfc062723c751e8b465ee728b)  -> (artifact id: 'dca5ea3e58cb4f25a740cc772723380c') in 0.003602 seconds
  Import took 0.036064 seconds .

========================================================================
Received Import Request.
  Time since last request: 0.000367 seconds.
  path: Assets/topmateryal.physicsMaterial2D
  artifactKey: Guid(13c7763e2627e2442a1518c22e5fb89c) Importer(815301076,1909f56bfc062723c751e8b465ee728b)
Start importing Assets/topmateryal.physicsMaterial2D using Guid(13c7763e2627e2442a1518c22e5fb89c) Importer(815301076,1909f56bfc062723c751e8b465ee728b)  -> (artifact id: '214c588e2d4f060bb67bbe3bb2f1020e') in 0.013747 seconds
  Import took 0.018558 seconds .

========================================================================
Received Import Request.
  Time since last request: 1.336677 seconds.
  path: Assets/Racket2.cs
  artifactKey: Guid(c569610bfcb3fd344a44c067da452ae5) Importer(815301076,1909f56bfc062723c751e8b465ee728b)
Start importing Assets/Racket2.cs using Guid(c569610bfcb3fd344a44c067da452ae5) Importer(815301076,1909f56bfc062723c751e8b465ee728b)  -> (artifact id: 'a1b9e89ecd190f6858920efad9da87e3') in 0.004991 seconds
  Import took 0.081757 seconds .

========================================================================
Received Import Request.
  Time since last request: 15.034755 seconds.
  path: Assets/HumanRacket.cs
  artifactKey: Guid(c569b78c1b0ecd44192ff9ef0a6b1c7b) Importer(815301076,1909f56bfc062723c751e8b465ee728b)
Start importing Assets/HumanRacket.cs using Guid(c569b78c1b0ecd44192ff9ef0a6b1c7b) Importer(815301076,1909f56bfc062723c751e8b465ee728b)  -> (artifact id: 'd6ce2f57767733c86d8273378cd59954') in 0.003655 seconds
  Import took 0.027355 seconds .

========================================================================
Received Import Request.
  Time since last request: 89.293400 seconds.
  path: Assets/AIRacket.cs
  artifactKey: Guid(c569610bfcb3fd344a44c067da452ae5) Importer(815301076,1909f56bfc062723c751e8b465ee728b)
Start importing Assets/AIRacket.cs using Guid(c569610bfcb3fd344a44c067da452ae5) Importer(815301076,1909f56bfc062723c751e8b465ee728b)  -> (artifact id: '75d6bd6ae6ebc845e24bc5d15cc9eaaa') in 0.003750 seconds
  Import took 0.085737 seconds .

========================================================================
Received Prepare
Registering precompiled user dll's ...
Registered in 0.050168 seconds.
Begin MonoManager ReloadAssembly
Native extension for WindowsStandalone target not found
Native extension for WebGL target not found
Refreshing native plugins compatible for Editor in 0.33 ms, found 1 plugins.
Preloading 0 native plugins for Editor in 0.00 ms.
Invoked RoslynAnalysisRunner static constructor.
RoslynAnalysisRunner will not be running.
RoslynAnalysisRunner has terminated.
Mono: successfully reloaded assembly
- Completed reload, in  0.875 seconds
Platform modules already initialized, skipping
Refreshing native plugins compatible for Editor in 0.47 ms, found 1 plugins.
Preloading 0 native plugins for Editor in 0.00 ms.
Unloading 1806 Unused Serialized files (Serialized files now loaded: 0)
System memory in use before: 88.4 MB.
System memory in use after: 88.4 MB.

Unloading 12 unused Assets to reduce memory usage. Loaded Objects now: 2440.
Total: 2.754600 ms (FindLiveObjects: 0.319500 ms CreateObjectMapping: 0.135900 ms MarkObjects: 2.166300 ms  DeleteObjects: 0.131700 ms)

========================================================================
Received Import Request.
  Time since last request: 894.175310 seconds.
  path: Assets/AIRacket.cs
  artifactKey: Guid(c569610bfcb3fd344a44c067da452ae5) Importer(815301076,1909f56bfc062723c751e8b465ee728b)
Start importing Assets/AIRacket.cs using Guid(c569610bfcb3fd344a44c067da452ae5) Importer(815301076,1909f56bfc062723c751e8b465ee728b)  -> (artifact id: '84e86d4ff63d282db00024cc1f476d6f') in 0.005511 seconds
  Import took 0.133777 seconds .

========================================================================
Received Prepare
Registering precompiled user dll's ...
Registered in 0.001401 seconds.
Begin MonoManager ReloadAssembly
Native extension for WindowsStandalone target not found
Native extension for WebGL target not found
Refreshing native plugins compatible for Editor in 0.76 ms, found 1 plugins.
Preloading 0 native plugins for Editor in 0.00 ms.
Invoked RoslynAnalysisRunner static constructor.
RoslynAnalysisRunner will not be running.
RoslynAnalysisRunner has terminated.
Mono: successfully reloaded assembly
- Completed reload, in  0.906 seconds
Platform modules already initialized, skipping
Refreshing native plugins compatible for Editor in 0.35 ms, found 1 plugins.
Preloading 0 native plugins for Editor in 0.00 ms.
Unloading 1806 Unused Serialized files (Serialized files now loaded: 0)
System memory in use before: 88.4 MB.
System memory in use after: 88.4 MB.

Unloading 12 unused Assets to reduce memory usage. Loaded Objects now: 2444.
Total: 3.808700 ms (FindLiveObjects: 0.396900 ms CreateObjectMapping: 0.193500 ms MarkObjects: 3.046900 ms  DeleteObjects: 0.170000 ms)

========================================================================
Received Prepare
Registering precompiled user dll's ...
Registered in 0.001038 seconds.
Begin MonoManager ReloadAssembly
Native extension for WindowsStandalone target not found
Native extension for WebGL target not found
Refreshing native plugins compatible for Editor in 0.40 ms, found 1 plugins.
Preloading 0 native plugins for Editor in 0.00 ms.
Invoked RoslynAnalysisRunner static constructor.
RoslynAnalysisRunner will not be running.
RoslynAnalysisRunner has terminated.
Mono: successfully reloaded assembly
- Completed reload, in  0.923 seconds
Platform modules already initialized, skipping
Refreshing native plugins compatible for Editor in 0.39 ms, found 1 plugins.
Preloading 0 native plugins for Editor in 0.00 ms.
Unloading 1806 Unused Serialized files (Serialized files now loaded: 0)
System memory in use before: 88.4 MB.
System memory in use after: 88.4 MB.

Unloading 12 unused Assets to reduce memory usage. Loaded Objects now: 2448.
Total: 2.259400 ms (FindLiveObjects: 0.364000 ms CreateObjectMapping: 0.105100 ms MarkObjects: 1.625900 ms  DeleteObjects: 0.163400 ms)

========================================================================
Received Prepare
Registering precompiled user dll's ...
Registered in 0.001064 seconds.
Begin MonoManager ReloadAssembly
Native extension for WindowsStandalone target not found
Native extension for WebGL target not found
Refreshing native plugins compatible for Editor in 0.44 ms, found 1 plugins.
Preloading 0 native plugins for Editor in 0.00 ms.
Invoked RoslynAnalysisRunner static constructor.
RoslynAnalysisRunner will not be running.
RoslynAnalysisRunner has terminated.
Mono: successfully reloaded assembly
- Completed reload, in  0.961 seconds
Platform modules already initialized, skipping
Refreshing native plugins compatible for Editor in 0.34 ms, found 1 plugins.
Preloading 0 native plugins for Editor in 0.00 ms.
Unloading 1806 Unused Serialized files (Serialized files now loaded: 0)
System memory in use before: 88.4 MB.
System memory in use after: 88.4 MB.

Unloading 12 unused Assets to reduce memory usage. Loaded Objects now: 2452.
Total: 3.393600 ms (FindLiveObjects: 0.259600 ms CreateObjectMapping: 0.164200 ms MarkObjects: 2.797800 ms  DeleteObjects: 0.170900 ms)

========================================================================
Received Prepare
Registering precompiled user dll's ...
Registered in 0.001045 seconds.
Begin MonoManager ReloadAssembly
Native extension for WindowsStandalone target not found
Native extension for WebGL target not found
Refreshing native plugins compatible for Editor in 0.35 ms, found 1 plugins.
Preloading 0 native plugins for Editor in 0.00 ms.
Invoked RoslynAnalysisRunner static constructor.
RoslynAnalysisRunner will not be running.
RoslynAnalysisRunner has terminated.
Mono: successfully reloaded assembly
- Completed reload, in  0.922 seconds
Platform modules already initialized, skipping
Refreshing native plugins compatible for Editor in 0.33 ms, found 1 plugins.
Preloading 0 native plugins for Editor in 0.00 ms.
Unloading 1806 Unused Serialized files (Serialized files now loaded: 0)
System memory in use before: 88.4 MB.
System memory in use after: 88.4 MB.

Unloading 12 unused Assets to reduce memory usage. Loaded Objects now: 2456.
Total: 2.582500 ms (FindLiveObjects: 0.262900 ms CreateObjectMapping: 0.070000 ms MarkObjects: 2.076500 ms  DeleteObjects: 0.172000 ms)

========================================================================
Received Prepare
Registering precompiled user dll's ...
Registered in 0.001055 seconds.
Begin MonoManager ReloadAssembly
Native extension for WindowsStandalone target not found
Native extension for WebGL target not found
Refreshing native plugins compatible for Editor in 0.35 ms, found 1 plugins.
Preloading 0 native plugins for Editor in 0.00 ms.
Invoked RoslynAnalysisRunner static constructor.
RoslynAnalysisRunner will not be running.
RoslynAnalysisRunner has terminated.
Mono: successfully reloaded assembly
- Completed reload, in  0.921 seconds
Platform modules already initialized, skipping
Refreshing native plugins compatible for Editor in 0.39 ms, found 1 plugins.
Preloading 0 native plugins for Editor in 0.00 ms.
Unloading 1806 Unused Serialized files (Serialized files now loaded: 0)
System memory in use before: 88.4 MB.
System memory in use after: 88.4 MB.

Unloading 12 unused Assets to reduce memory usage. Loaded Objects now: 2460.
Total: 4.144300 ms (FindLiveObjects: 0.635600 ms CreateObjectMapping: 0.178900 ms MarkObjects: 3.186400 ms  DeleteObjects: 0.141600 ms)

========================================================================
Received Prepare
Registering precompiled user dll's ...
Registered in 0.001074 seconds.
Begin MonoManager ReloadAssembly
Native extension for WindowsStandalone target not found
Native extension for WebGL target not found
Refreshing native plugins compatible for Editor in 0.40 ms, found 1 plugins.
Preloading 0 native plugins for Editor in 0.00 ms.
Invoked RoslynAnalysisRunner static constructor.
RoslynAnalysisRunner will not be running.
RoslynAnalysisRunner has terminated.
Mono: successfully reloaded assembly
- Completed reload, in  0.964 seconds
Platform modules already initialized, skipping
Refreshing native plugins compatible for Editor in 0.43 ms, found 1 plugins.
Preloading 0 native plugins for Editor in 0.00 ms.
Unloading 1806 Unused Serialized files (Serialized files now loaded: 0)
System memory in use before: 88.5 MB.
System memory in use after: 88.5 MB.

Unloading 12 unused Assets to reduce memory usage. Loaded Objects now: 2464.
Total: 6.014800 ms (FindLiveObjects: 0.427700 ms CreateObjectMapping: 0.167900 ms MarkObjects: 4.972700 ms  DeleteObjects: 0.443400 ms)

========================================================================
Received Import Request.
  Time since last request: 1317.328867 seconds.
  path: Assets/Scenes/SampleScene.unity
  artifactKey: Guid(2cda990e2423bbf4892e6590ba056729) Importer(815301076,1909f56bfc062723c751e8b465ee728b)
Start importing Assets/Scenes/SampleScene.unity using Guid(2cda990e2423bbf4892e6590ba056729) Importer(815301076,1909f56bfc062723c751e8b465ee728b)  -> (artifact id: '4277dab6a28e8e1d23739f05f438b540') in 0.015859 seconds
  Import took 0.117171 seconds .

========================================================================
Received Import Request.
  Time since last request: 17.751207 seconds.
  path: Assets/Scenes/HumanvsAI.unity
  artifactKey: Guid(2cda990e2423bbf4892e6590ba056729) Importer(815301076,1909f56bfc062723c751e8b465ee728b)
Start importing Assets/Scenes/HumanvsAI.unity using Guid(2cda990e2423bbf4892e6590ba056729) Importer(815301076,1909f56bfc062723c751e8b465ee728b)  -> (artifact id: 'e064c518088f4c020f7be2cf2d79bbb4') in 0.005046 seconds
  Import took 0.130834 seconds .

========================================================================
Received Import Request.
  Time since last request: 83.449347 seconds.
  path: Assets/AIRacket.cs
  artifactKey: Guid(c569610bfcb3fd344a44c067da452ae5) Importer(815301076,1909f56bfc062723c751e8b465ee728b)
Start importing Assets/AIRacket.cs using Guid(c569610bfcb3fd344a44c067da452ae5) Importer(815301076,1909f56bfc062723c751e8b465ee728b)  -> (artifact id: 'cb079ea70b2527e216b47940bff3cfca') in 0.004042 seconds
  Import took 0.028605 seconds .

========================================================================
Received Import Request.
  Time since last request: 183.515368 seconds.
  path: Assets/Ball.cs
  artifactKey: Guid(f4e07e9ac5fc0454a8c2dbf431c2c02e) Importer(815301076,1909f56bfc062723c751e8b465ee728b)
Start importing Assets/Ball.cs using Guid(f4e07e9ac5fc0454a8c2dbf431c2c02e) Importer(815301076,1909f56bfc062723c751e8b465ee728b)  -> (artifact id: 'e35bd82f9a78cf103456cef90b82ae84') in 0.003186 seconds
  Import took 0.052856 seconds .

========================================================================
Received Import Request.
  Time since last request: 30.835767 seconds.
  path: Assets/Racket.cs
  artifactKey: Guid(054372275e985f349b92e44deec45033) Importer(815301076,1909f56bfc062723c751e8b465ee728b)
Start importing Assets/Racket.cs using Guid(054372275e985f349b92e44deec45033) Importer(815301076,1909f56bfc062723c751e8b465ee728b)  -> (artifact id: '8da010bccab1384a7d1eff9a4675f167') in 0.003415 seconds
  Import took 0.370116 seconds .

========================================================================
Received Import Request.
  Time since last request: 76.437993 seconds.
  path: Assets/HumanRacket.cs
  artifactKey: Guid(c569b78c1b0ecd44192ff9ef0a6b1c7b) Importer(815301076,1909f56bfc062723c751e8b465ee728b)
Start importing Assets/HumanRacket.cs using Guid(c569b78c1b0ecd44192ff9ef0a6b1c7b) Importer(815301076,1909f56bfc062723c751e8b465ee728b)  -> (artifact id: '54932f46fa50ec3216a476c77b0c5c88') in 0.004002 seconds
  Import took 0.357858 seconds .

========================================================================
Received Import Request.
  Time since last request: 0.616544 seconds.
  path: Assets/TagManager.cs
  artifactKey: Guid(11a778150fae5604f8a7881ad6b6f95a) Importer(815301076,1909f56bfc062723c751e8b465ee728b)
Start importing Assets/TagManager.cs using Guid(11a778150fae5604f8a7881ad6b6f95a) Importer(815301076,1909f56bfc062723c751e8b465ee728b)  -> (artifact id: '25c8c56ed267902c6457057c24ea4bf3') in 0.003479 seconds
  Import took 0.088911 seconds .

AssetImportWorkerClient::OnTransportError - code=2 error=End of file
